  [1m[36m (0.3ms)[0m  [1mselect sqlite_version(*)[0m
  [1m[35m (2.8ms)[0m  CREATE TABLE "schema_migrations" ("version" varchar(255) NOT NULL) 
  [1m[36m (0.1ms)[0m  [1mPRAGMA index_list("schema_migrations")[0m
  [1m[35m (1.4ms)[0m  CREATE UNIQUE INDEX "unique_schema_migrations" ON "schema_migrations" ("version")
  [1m[36m (0.1ms)[0m  [1mSELECT "schema_migrations"."version" FROM "schema_migrations" [0m
Migrating to CreateSpecialNumbers (20120508090954)
  [1m[35m (0.1ms)[0m  begin transaction
  [1m[36m (0.5ms)[0m  [1mCREATE TABLE "special_numbers" ("id" INTEGER PRIMARY KEY AUTOINCREMENT NOT NULL, "special" integer, "created_at" datetime NOT NULL, "updated_at" datetime NOT NULL) [0m
  [1m[35m (0.2ms)[0m  INSERT INTO "schema_migrations" ("version") VALUES ('20120508090954')
  [1m[36m (1.5ms)[0m  [1mcommit transaction[0m
  [1m[35m (0.4ms)[0m  select sqlite_version(*)
  [1m[36m (0.1ms)[0m  [1mSELECT "schema_migrations"."version" FROM "schema_migrations" [0m
  [1m[35m (0.0ms)[0m  PRAGMA index_list("special_numbers")
  [1m[36m (0.1ms)[0m  [1mbegin transaction[0m
  [1m[35mSQL (5.1ms)[0m  INSERT INTO "special_numbers" ("created_at", "special", "updated_at") VALUES (?, ?, ?)  [["created_at", Tue, 08 May 2012 09:34:04 UTC +00:00], ["special", 28], ["updated_at", Tue, 08 May 2012 09:34:04 UTC +00:00]]
  [1m[36m (2.4ms)[0m  [1mcommit transaction[0m
  [1m[36m (0.1ms)[0m  [1mbegin transaction[0m
  [1m[35mSQL (24.2ms)[0m  INSERT INTO "special_numbers" ("created_at", "special", "updated_at") VALUES (?, ?, ?)  [["created_at", Tue, 08 May 2012 09:36:04 UTC +00:00], ["special", 16], ["updated_at", Tue, 08 May 2012 09:36:04 UTC +00:00]]
  [1m[36m (2.9ms)[0m  [1mcommit transaction[0m
  [1m[36m (0.1ms)[0m  [1mbegin transaction[0m
  [1m[35mSQL (5.2ms)[0m  INSERT INTO "special_numbers" ("created_at", "special", "updated_at") VALUES (?, ?, ?)  [["created_at", Tue, 08 May 2012 09:38:04 UTC +00:00], ["special", 57], ["updated_at", Tue, 08 May 2012 09:38:04 UTC +00:00]]
  [1m[36m (2.2ms)[0m  [1mcommit transaction[0m
  [1m[36mSpecialNumber Load (0.1ms)[0m  [1mSELECT "special_numbers".* FROM "special_numbers" [0m
  [1m[36m (0.1ms)[0m  [1mbegin transaction[0m
  [1m[35mSQL (11.4ms)[0m  INSERT INTO "special_numbers" ("created_at", "special", "updated_at") VALUES (?, ?, ?)  [["created_at", Tue, 08 May 2012 09:40:06 UTC +00:00], ["special", 52], ["updated_at", Tue, 08 May 2012 09:40:06 UTC +00:00]]
  [1m[36m (2.9ms)[0m  [1mcommit transaction[0m
  [1m[36m (0.1ms)[0m  [1mbegin transaction[0m
  [1m[35mSQL (22.3ms)[0m  INSERT INTO "special_numbers" ("created_at", "special", "updated_at") VALUES (?, ?, ?)  [["created_at", Tue, 08 May 2012 09:42:05 UTC +00:00], ["special", 85], ["updated_at", Tue, 08 May 2012 09:42:05 UTC +00:00]]
  [1m[36m (2.4ms)[0m  [1mcommit transaction[0m
  [1m[36m (0.1ms)[0m  [1mbegin transaction[0m
  [1m[35mSQL (29.1ms)[0m  INSERT INTO "special_numbers" ("created_at", "special", "updated_at") VALUES (?, ?, ?)  [["created_at", Tue, 08 May 2012 09:46:04 UTC +00:00], ["special", 41], ["updated_at", Tue, 08 May 2012 09:46:04 UTC +00:00]]
  [1m[36m (2.4ms)[0m  [1mcommit transaction[0m
